a-tech
aapl-tech
adi-tech
adr
adsk-tech
advm-med_gene_therapy
alny-med_biotech
amba-tech
amd-tech
amzn-teh
anet-tech
anf-mall
atvi-tech
avav-renew
avgo-tech
ba-air
baba-teh
bbry-tech
bidu-tech
biib-med_biotech
bks-mall
bold-med_gene_therapy
box-tech
burl-mall
byd-solar
cat-const
cldr-tech
cmi-tech
csco-tech
ctxs-tech
de-const
dsw-mall
ea-tech
efx-fin
egi-mining
evsi-solar
expr-mall
f-auto
fb-tech
feye-tech
ffiv-tech
fit-mall
fl-mall
fnf-tech
fnfv-tech
fnsr-tech
fosl-mall
fslr-solar
gild-med
gm-auto
gme-tech
googl-tech
google-tech
gpro-tech
grmn-tech
grpn-tech
gs
hgen-med_biotech
hlf-mall
hpe-tech
hpq-teh
hri-const
ibm-tech
intc-tech
jcp-mall
juno-med_biotech
jwn-mall
kite-med_biotech
kndi-solar
kors-mall
kss-mall
lc-fin
m-mall
msft-tech
nflx-tech
nok-tech
ntct-tech
ntdoy-tech
ntnx-tech
nvda-tech
nvs-med_biotech
once-med_gene_therapy
orcl-tech
osk-mall
ostk-mall
p-tech
panw-teh
pstg-tech
pvh-mall
pvn-mall
pypl-tech
qcom-tech
rax-tech
rdfn-tech
rgnx-med_gene_therapy
rio-mining
rl-mall
rmbs-tech
roku-tech
rost-mall
rtn-tech
run-solar
rvbd-tech
sats-tech
shld-mall
siri-tech
skx-mall
snap-tech
sndk-tech
splk-tech
spwr-solar
sq-tech
stx-tech
ter-tech
tivo-tech
trgp
trq-mining
tsla-tech
ttwo-tech
twtr-tech
txn-tech
ua-mall
uaa-mall
urbn-mall
uri-const
vrx-med_biotech
vygr-med_gene_therapy
wb-tech
wbt-const
wday-tech
wds-tech
wmt-mall
yelp-tech
yext-tech
zumz-mall
